<?xml version="1.0" encoding="UTF-8"?>
<!-- Generated by org.testng.reporters.JUnitXMLReporter -->
<testsuite ignored="0" hostname="DESKTOP-LVT8GR2" failures="0" tests="1" name="Surefire test" time="0.078" errors="0" timestamp="2024-10-19T20:41:17 IST">
  <testcase classname="InterviewPractices.InterviewPractices.ParallelBrowserTest" name="@BeforeClass setUp" time="-1.729350677002E9">
    <failure type="org.testng.TestNGException" message="
Parameter &amp;apos;browser&amp;apos; is required by BeforeClass on method setUp but has not been marked @Optional or defined
">
      <![CDATA[org.testng.TestNGException: 
Parameter 'browser' is required by BeforeClass on method setUp but has not been marked @Optional or defined

at java.base/java.util.ArrayList.forEach(ArrayList.java:1596)
... Removed 27 stack frames]]>
    </failure>
  </testcase> <!-- @BeforeClass setUp -->
  <testcase classname="InterviewPractices.InterviewPractices.ParallelBrowserTest" name="@AfterClass tearDown" time="0.0">
    <skipped/>
  </testcase> <!-- @AfterClass tearDown -->
  <testcase classname="InterviewPractices.InterviewPractices.ParallelBrowserTest" name="testWebsite" time="0.0">
    <skipped/>
  </testcase> <!-- testWebsite -->
</testsuite> <!-- Surefire test -->
